🌅 Chennai Drik Panchangam
📅 Saturday, 28 February 2026

📿 Panchang Details
──────────────────────────────
• Nakshatra: Swati
• Yoga: Shukla
• Karana: Garaja
• Samvatsara: Vikram

☀️🌙 Celestial Timings
──────────────────────────────
• Sunrise ☀️: 06:10 AM
• Sunset 🌅: 06:59 PM
• Moonrise 🌙: 11:49 AM
• Moonset 🌑: 12:03 AM

⏰ Muhurta Timings
──────────────────────────────
• 🙏 Brahma Muhurta: 04:40 AM to 05:25 AM
• Pratah Sandhya: 05:03 AM to 06:10 AM
• ⭐ Vijaya Muhurta: 02:43 PM to 03:34 PM
• ⚠️ Rahu Kalam (avoid): 12:34 PM to 02:11 PM
• ⚠️ Yamaganda (avoid): 07:46 AM to 09:22 AM
• ⭐ Abhijit Muhurta: None today

🌑 Eclipse Information
──────────────────────────────
✅ No eclipse (Grahan) today

🙏 Source: drikpanchang.com
📝 Note: All timings are for Chennai, IST
🌅 Chennai Drik Panchangam
📅 Sunday, 01 March 2026

📿 Panchang Details
──────────────────────────────
• Nakshatra: Swati
• Yoga: Shukla
• Karana: Garaja
• Samvatsara: Vikram

☀️🌙 Celestial Timings
──────────────────────────────
• Sunrise ☀️: 06:10 AM
• Sunset 🌅: 06:59 PM
• Moonrise 🌙: 11:49 AM
• Moonset 🌑: 12:03 AM

⏰ Muhurta Timings
──────────────────────────────
• 🙏 Brahma Muhurta: 04:40 AM to 05:25 AM
• Pratah Sandhya: 05:03 AM to 06:10 AM
• ⭐ Vijaya Muhurta: 02:43 PM to 03:34 PM
• ⚠️ Rahu Kalam (avoid): 12:34 PM to 02:11 PM
• ⚠️ Yamaganda (avoid): 07:46 AM to 09:22 AM
• ⭐ Abhijit Muhurta: None today

🌑 Eclipse Information
──────────────────────────────
✅ No eclipse (Grahan) today

🙏 Source: drikpanchang.com
📝 Note: All timings are for Chennai, IST
🌅 Chennai Drik Panchangam
📅 Wednesday, 04 March 2026

📿 Panchang Details
──────────────────────────────
• Nakshatra: Swati
• Yoga: Shukla
• Karana: Garaja
• Samvatsara: Vikram

☀️🌙 Celestial Timings
──────────────────────────────
• Sunrise ☀️: 06:10 AM
• Sunset 🌅: 06:59 PM
• Moonrise 🌙: 11:49 AM
• Moonset 🌑: 12:03 AM

⏰ Muhurta Timings
──────────────────────────────
• 🙏 Brahma Muhurta: 04:40 AM to 05:25 AM
• Pratah Sandhya: 05:03 AM to 06:10 AM
• ⭐ Vijaya Muhurta: 02:43 PM to 03:34 PM
• ⚠️ Rahu Kalam (avoid): 12:34 PM to 02:11 PM
• ⚠️ Yamaganda (avoid): 07:46 AM to 09:22 AM
• ⭐ Abhijit Muhurta: None today

🌑 Eclipse Information
──────────────────────────────
✅ No eclipse (Grahan) today

🙏 Source: drikpanchang.com
📝 Note: All timings are for Chennai, IST
